=/mathsQues.json
{
  _: [],
  f: [
    '/home/runner/work/sample-exp/sample-exp/experiment/mathsQues.json'
  ],
  files: [
    '/home/runner/work/sample-exp/sample-exp/experiment/mathsQues.json'
  ],
  c: 'assessment',
  contentTypes: 'assessment',
  'content-types': 'assessment',
  '$0': 'validate'
}
Validated true
=/pretest.json
{
  _: [],
  f: [ '/home/runner/work/sample-exp/sample-exp/experiment/pretest.json' ],
  files: [ '/home/runner/work/sample-exp/sample-exp/experiment/pretest.json' ],
  c: 'assessment',
  contentTypes: 'assessment',
  'content-types': 'assessment',
  '$0': 'validate'
}
/questions/0/difficulty: Difficulty can only be: beginner, intermediate or advanced

Json Error: must match "then" schema
Json Error: must match "then" schema
Failed while validating /home/runner/work/sample-exp/sample-exp/experiment/pretest.json
Error: Schema is Invalid
=/posttest.json
{
  _: [],
  f: [
    '/home/runner/work/sample-exp/sample-exp/experiment/posttest.json'
  ],
  files: [
    '/home/runner/work/sample-exp/sample-exp/experiment/posttest.json'
  ],
  c: 'assessment',
  contentTypes: 'assessment',
  'content-types': 'assessment',
  '$0': 'validate'
}
Validated true
